C51 COMPILER V9.56.0.0   ADC                                                               07/12/2018 11:32:26 PAGE 1   


C51 COMPILER V9.56.0.0, COMPILATION OF MODULE ADC
OBJECT MODULE PLACED IN .\ADC.obj
COMPILER INVOKED BY: C:\Keil_v5c51\C51\BIN\C51.EXE ..\user\ADC.c LARGE OPTIMIZE(8,SPEED) BROWSE DEBUG OBJECTEXTEND PRINT
                    -(.\ADC.lst) OBJECT(.\ADC.obj)

line level    source

   1          #include "HC89F0650.h"
   2          #include "Uart.h"
   3          #include "SPI.h"
   4          #include "I2C.h"
   5          #include "ADC.h"
   6          #include "Test_Prom.h"
   7          #include "Timer.h"
   8          
   9          sbit ADC1 = P2^1;   //Test Add 1.2V
  10          sbit ADC_Contrl = P1^7;  //Test ADC Test Contrl
  11          sbit BLE_test = P3^3;
  12          
  13          unsigned int  ADC_[10] = {0};
  14          unsigned int  ADC_sum = 0;
  15          unsigned int  ADC_Report = 0;
  16          
  17          
  18          void ADC_TestInit(void)
  19          {
  20   1          P2M0 = 0x33;                                                //P00口设置为模拟输入
  21   1      
  22   1          ADCC0 |= 0x80;                                              //打开ADC转换电源
  23   1          ADCC1 |= 0x09;                                              //选择外部通道16
  24   1          ADCC2 = 0x13;                                               //转换结果12位数据，高八位置于ADCRH寄存器，ADC时钟8分频
  25   1      }
  26          
  27          void GPIO_TestPinInit(void)
  28          {
  29   1          P1M3 = 0x33;
  30   1      }
  31          
  32          void ADC_MCUTest(void)
  33          {
  34   1          int i;
  35   1      
  36   1          for(i = 0; i < 10; i++) {
  37   2              if(ADC_Contrl = 1) {
*** WARNING C276 IN LINE 37 OF ..\user\ADC.c: constant in condition expression
  38   3                  ADC_[i] = ADC_GetResault();
  39   3                  ADC_sum += ADC_[i];
  40   3              }
  41   2          }
  42   1      
  43   1          ADC_Report = (int) ADC_sum/10;
  44   1      }


MODULE INFORMATION:   STATIC OVERLAYABLE
   CODE SIZE        =    153    ----
   CONSTANT SIZE    =   ----    ----
   XDATA SIZE       =     24       2
   PDATA SIZE       =   ----    ----
   DATA SIZE        =   ----    ----
   IDATA SIZE       =   ----    ----
C51 COMPILER V9.56.0.0   ADC                                                               07/12/2018 11:32:26 PAGE 2   

   BIT SIZE         =   ----    ----
END OF MODULE INFORMATION.


C51 COMPILATION COMPLETE.  1 WARNING(S),  0 ERROR(S)
