C51 COMPILER V9.52.0.0   MG127                                                             07/04/2018 22:23:55 PAGE 1   


C51 COMPILER V9.52.0.0, COMPILATION OF MODULE MG127
OBJECT MODULE PLACED IN .\MG127.obj
COMPILER INVOKED BY: C:\Keil2\C51\BIN\C51.EXE ..\user\MG127.c LARGE BROWSE DEBUG OBJECTEXTEND PRINT(.\MG127.lst) TABS(2)
                    - OBJECT(.\MG127.obj)

line level    source

   1          #include "HC89F0650.h"
   2          #include "intrins.h"
   3          #include "MG127.h"
   4          #include "SPI.h"
   5          #include "Uart.h"
   6          #include "Test_Prom.h"
   7          
   8          


MODULE INFORMATION:   STATIC OVERLAYABLE
   CODE SIZE        =   ----    ----
   CONSTANT SIZE    =   ----    ----
   XDATA SIZE       =   ----    ----
   PDATA SIZE       =   ----    ----
   DATA SIZE        =   ----    ----
   IDATA SIZE       =   ----    ----
   BIT SIZE         =   ----    ----
END OF MODULE INFORMATION.


C51 COMPILATION COMPLETE.  0 WARNING(S),  0 ERROR(S)
