C51 COMPILER V9.56.0.0   RTC                                                               07/12/2018 11:32:25 PAGE 1   


C51 COMPILER V9.56.0.0, COMPILATION OF MODULE RTC
OBJECT MODULE PLACED IN .\RTC.obj
COMPILER INVOKED BY: C:\Keil_v5c51\C51\BIN\C51.EXE ..\user\RTC.c LARGE OPTIMIZE(8,SPEED) BROWSE DEBUG OBJECTEXTEND PRINT
                    -(.\RTC.lst) OBJECT(.\RTC.obj)

line level    source

   1          #include "HC89F0650.h"
   2          #include "Uart.h"
   3          #include "RTC.h"
   4          
   5          
   6          /***************************************************************************************
   7           * @说明        RTC中断服务函数
   8           *      @参数   无
   9           * @返回值 无
  10           * @注          无
  11           ***************************************************************************************/
  12          void Rtc_Irt()interrupt RTC_VECTOR
  13          {                       
  14   1          P0_1 =! P0_1;                                          //P01翻转
  15   1          RTCC &= ~0x80;                                         //清除中断标志位
  16   1      }
  17          
  18          /***************************************************************************************
  19           * @说明        RTC初始化
  20           *      @参数   无
  21           * @返回值 无
  22           * @注          使能RTC中断以及RTC输出，中断时间1s
  23           ***************************************************************************************/
  24          void RCT_Init(void)
  25          {
  26   1          CLKCON |= 0x04;                                             //使能外部晶振
  27   1          while((CLKCON&0x40)!=0x40);                 //等待外部低频晶振起振
  28   1          RTCC = 0x13;                                                //RTC中断时间1s,允许RTC时钟输出
  29   1          RTCO_MAP = 0x00;                                    //RCT时钟输出映射P0.0口
  30   1      }
  31          


MODULE INFORMATION:   STATIC OVERLAYABLE
   CODE SIZE        =     23    ----
   CONSTANT SIZE    =   ----    ----
   XDATA SIZE       =   ----    ----
   PDATA SIZE       =   ----    ----
   DATA SIZE        =   ----    ----
   IDATA SIZE       =   ----    ----
   BIT SIZE         =   ----    ----
END OF MODULE INFORMATION.


C51 COMPILATION COMPLETE.  0 WARNING(S),  0 ERROR(S)
