C51 COMPILER V9.56.0.0   TIMER                                                             07/12/2018 11:32:25 PAGE 1   


C51 COMPILER V9.56.0.0, COMPILATION OF MODULE TIMER
OBJECT MODULE PLACED IN .\Timer.obj
COMPILER INVOKED BY: C:\Keil_v5c51\C51\BIN\C51.EXE ..\user\Timer.c LARGE OPTIMIZE(8,SPEED) BROWSE DEBUG OBJECTEXTEND PRI
                    -NT(.\Timer.lst) OBJECT(.\Timer.obj)

line level    source

   1          #include "Timer.h"
   2          
   3          void delay(int data ms) // ?????(AT89C52 @ 11.0592MHz)
   4          {
   5   1          int ti;
   6   1          while(ms--)
   7   1          {
   8   2              for(ti=0;ti<112;ti++){}//112
   9   2          }
  10   1      }


MODULE INFORMATION:   STATIC OVERLAYABLE
   CODE SIZE        =     32    ----
   CONSTANT SIZE    =   ----    ----
   XDATA SIZE       =   ----    ----
   PDATA SIZE       =   ----    ----
   DATA SIZE        =   ----    ----
   IDATA SIZE       =   ----    ----
   BIT SIZE         =   ----    ----
END OF MODULE INFORMATION.


C51 COMPILATION COMPLETE.  0 WARNING(S),  0 ERROR(S)
