C51 COMPILER V9.56.0.0   UART                                                              07/12/2018 11:32:25 PAGE 1   


C51 COMPILER V9.56.0.0, COMPILATION OF MODULE UART
OBJECT MODULE PLACED IN .\Uart.obj
COMPILER INVOKED BY: C:\Keil_v5c51\C51\BIN\C51.EXE ..\user\Uart.c LARGE OPTIMIZE(8,SPEED) BROWSE DEBUG OBJECTEXTEND PRIN
                    -T(.\Uart.lst) OBJECT(.\Uart.obj)

line level    source

   1          #include "HC89F0650.h"
   2          #include "Uart.h"
   3                          
   4          /*
   5          
   6          void Uart_Test_Receive(void)
   7          {
   8                          //if(bufflag)
   9                          //{
  10                                  SBUF = 0x03;//bufdat;                           //发送数据
  11                                  while(!(SCON&0x02));
  12                                  SCON &=~ 0x02;                          //发送中断请求中断标志位清0
  13                                  bufflag = 0;                            //标志位置0
  14                                  SCON |= 0x10;                           //开串口接收  
  15                                  ES1 = 1;                                        //开串口中断
  16                          //}
  17          }
  18          
  19          void Usart_Ipt() interrupt UART1_VECTOR
  20          {
  21                  if(SCON&0x01)
  22                  {
  23                          SCON &=~ 0x01;                                  //收到数据后，清除接收标志
  24                          bufdat = SBUF;                                  //接收数据
  25                          bufflag = 1;
  26                          SCON &=~ 0x10;                                  //关串口接收  
  27                          ES1 = 0;                                                //关串口中断
  28                  }
  29          }
  30          
  31          */
  32          


MODULE INFORMATION:   STATIC OVERLAYABLE
   CODE SIZE        =   ----    ----
   CONSTANT SIZE    =   ----    ----
   XDATA SIZE       =   ----    ----
   PDATA SIZE       =   ----    ----
   DATA SIZE        =   ----    ----
   IDATA SIZE       =   ----    ----
   BIT SIZE         =   ----    ----
END OF MODULE INFORMATION.


C51 COMPILATION COMPLETE.  0 WARNING(S),  0 ERROR(S)
