C51 COMPILER V9.56.0.0   QMA6981                                                           08/01/2018 14:08:12 PAGE 1   


C51 COMPILER V9.56.0.0, COMPILATION OF MODULE QMA6981
OBJECT MODULE PLACED IN .\QMA6981.obj
COMPILER INVOKED BY: C:\Keil_v5c51\C51\BIN\C51.EXE ..\user\QMA6981.c LARGE OPTIMIZE(8,SPEED) BROWSE DEBUG OBJECTEXTEND P
                    -RINT(.\QMA6981.lst) OBJECT(.\QMA6981.obj)

line level    source

   1          #include "HC89F0650.h"
   2          #include "I2C.h"
   3          #include "QMA6981.h"
   4          //#include "Timer.h"
   5          #include "Uart.h"
   6          #include "intrins.h"
   7          
   8          #define QMA6981_OFFSET  0x60
   9          
  10          static void qma6981_delay(unsigned int us) 
  11          {
  12   1              while(us--)
  13   1              {
  14   2              _nop_();
  15   2                      _nop_();
  16   2                      _nop_();
  17   2                      _nop_();
  18   2                      _nop_();
  19   2                      _nop_();
  20   2                      _nop_();
  21   2                      _nop_();
  22   2                      _nop_();
  23   2                      _nop_();
  24   2              }
  25   1      }
  26          
  27          void qma6981_initialize(void)
  28          {       
  29   1              IIC_Send_Byte(0x11, 0x80);
  30   1              IIC_Send_Byte(0x36, 0xb6);
  31   1              qma6981_delay(5*1000);
  32   1              IIC_Send_Byte(0x36, 0x00);
  33   1              IIC_Send_Byte(0x11, 0x80);
  34   1              IIC_Send_Byte(0x0f, 0x04);//QMAX981_RANGE_8G
  35   1              IIC_Send_Byte(0x10, 0x2a);
  36   1              IIC_Send_Byte(0x12, 0x8f);
  37   1              IIC_Send_Byte(0x13, 0x10);
  38   1              IIC_Send_Byte(0x14, 0x14);
  39   1              IIC_Send_Byte(0x15, 0x10);      
  40   1              IIC_Send_Byte(0x16, 0x0c);
  41   1              IIC_Send_Byte(0x32, 0x01);//0x02
  42   1              IIC_Send_Byte(0x27, QMA6981_OFFSET);//QMA6981_OFFSET
  43   1              IIC_Send_Byte(0x28, QMA6981_OFFSET);
  44   1              IIC_Send_Byte(0x29, QMA6981_OFFSET);
  45   1              qma6981_delay(1*1000);
  46   1      }
  47          
  48          unsigned char qmaX981_get_chip_id(void)
  49          {
  50   1              unsigned char  ret;
  51   1              unsigned char  chip_id ;
  52   1              
  53   1                IIC_Send_Byte(0x11,0x80);
  54   1          qma6981_delay(2);
C51 COMPILER V9.56.0.0   QMA6981                                                           08/01/2018 14:08:12 PAGE 2   

  55   1                chip_id = (unsigned char) IIC_Read_Byte(0x00);
  56   1                 //SendChar(chip_id);
  57   1              if((chip_id>=0xb0) && (chip_id<=0xb6))
  58   1              {
  59   2                      ret = 1;
  60   2              }
  61   1              else
  62   1              {
  63   2                ret = 0;
  64   2              }
  65   1              return ret;
  66   1      }
  67          
  68          void qma6981_read_raw_xyz(void)
  69          {
  70   1              unsigned char  buf[6] = {0};
  71   1              short acc[3];
  72   1              int x_out,y_out,z_out;
  73   1              unsigned char  i;       
  74   1      
  75   1      
  76   1              buf[0] = IIC_Read_Byte(0x01);   
  77   1              buf[1] = IIC_Read_Byte(0x02);
  78   1              buf[2] = IIC_Read_Byte(0x03);
  79   1              buf[3] = IIC_Read_Byte(0x04);
  80   1              buf[4] = IIC_Read_Byte(0x05);
  81   1              buf[5] = IIC_Read_Byte(0x06);
  82   1      
  83   1              acc[0]  = (short)((buf[1]<<2) |( buf[0]>>6));
  84   1              acc[1]  = (short)((buf[3]<<2) |( buf[2]>>6));
  85   1              acc[2]  = (short)((buf[5]<<2) |( buf[4]>>6));
  86   1      
  87   1              for(i=0;i<3;i++)                                
  88   1              {       
  89   2                      if ( acc[i] == 0x0200 ) 
  90   2                              acc[i]= -512;   
  91   2                      else if ( acc[i]&0x0200 )       
  92   2                      {                               
  93   3                              acc[i] -= 0x1;          
  94   3                              acc[i] = ~acc[i];               
  95   3                              acc[i] &= 0x01ff;               
  96   3                              acc[i] = -acc[i];               
  97   3                      }
  98   2                      acc[i] -= QMA6981_OFFSET;
  99   2              }
 100   1              
 101   1              x_out = (int)(acc[0]*9807)/(64);//8G 1024 //4G 2048
 102   1              y_out = (int)(acc[1]*9807)/(64);
 103   1              z_out = (int)(acc[2]*9807)/(64);
 104   1      }
 105          
 106          void qmaX981_reset_sc(void)
 107          {
 108   1              unsigned char  value_13;
 109   1              value_13= IIC_Read_Byte(0x13);
 110   1              IIC_Send_Byte(0x13,0x80);
 111   1        IIC_Send_Byte(0x13,value_13);
 112   1      }
 113          
 114          unsigned short qmaX981_step_c_read_stepCounter(void)
 115          {
 116   1              unsigned char  buf[2];
C51 COMPILER V9.56.0.0   QMA6981                                                           08/01/2018 14:08:12 PAGE 3   

 117   1              unsigned short step;
 118   1      
 119   1              buf[0] = IIC_Read_Byte(0x07);
 120   1              buf[1] = IIC_Read_Byte(0x08);
 121   1              step = (unsigned short)((buf[1]<<8)|buf[0]);
 122   1      
 123   1              return step;
 124   1      }


MODULE INFORMATION:   STATIC OVERLAYABLE
   CODE SIZE        =    701    ----
   CONSTANT SIZE    =      6    ----
   XDATA SIZE       =   ----      22
   PDATA SIZE       =   ----    ----
   DATA SIZE        =   ----    ----
   IDATA SIZE       =   ----    ----
   BIT SIZE         =   ----    ----
END OF MODULE INFORMATION.


C51 COMPILATION COMPLETE.  0 WARNING(S),  0 ERROR(S)
