C51 COMPILER V9.56.0.0   TIMER                                                             08/01/2018 14:08:11 PAGE 1   


C51 COMPILER V9.56.0.0, COMPILATION OF MODULE TIMER
OBJECT MODULE PLACED IN .\Timer.obj
COMPILER INVOKED BY: C:\Keil_v5c51\C51\BIN\C51.EXE ..\user\Timer.c LARGE OPTIMIZE(8,SPEED) BROWSE DEBUG OBJECTEXTEND PRI
                    -NT(.\Timer.lst) OBJECT(.\Timer.obj)

line level    source

   1          #include "Timer.h"
   2          #include "HC89F0650.h"
   3          #include "intrins.h"
   4          
   5          void delay(int data ms) 
   6          {
   7   1      //int ti;
   8   1              
   9   1      while(ms--)
  10   1      {
  11   2      _nop_();_nop_();_nop_();_nop_();_nop_();_nop_();_nop_();_nop_();_nop_();_nop_();
  12   2      //for(ti=0;ti<112;ti++){}//112
  13   2      }
  14   1      }


MODULE INFORMATION:   STATIC OVERLAYABLE
   CODE SIZE        =     23    ----
   CONSTANT SIZE    =   ----    ----
   XDATA SIZE       =   ----    ----
   PDATA SIZE       =   ----    ----
   DATA SIZE        =   ----    ----
   IDATA SIZE       =   ----    ----
   BIT SIZE         =   ----    ----
END OF MODULE INFORMATION.


C51 COMPILATION COMPLETE.  0 WARNING(S),  0 ERROR(S)
